Script running in /home/dka/Documents/scripts_luca
Using csv directory: /home/dka/Documents/scripts_luca/data
Checking log dir...
Using csv file: /home/dka/Documents/scripts_luca/data/SC3-1-0.1-0.3-3-3-0.1-0.3-July092015-145739-535.csv
	Base name: SC3-1-0.1-0.3-3-3-0.1-0.3-July092015-145739-535
	cfg file: configs/SC3-1-0.1-0.3-3-3-0.1-0.3-July092015-145739-535.cfg
===================================================
Creating cfg file from template ...
	removing old cfg file ...
Cleaning up data file /home/dka/Documents/scripts_luca/data/SC3-1-0.1-0.3-3-3-0.1-0.3-July092015-145739-535.csv ...
Running program....
	Using cfg file configs/SC3-1-0.1-0.3-3-3-0.1-0.3-July092015-145739-535.cfg
	Logging all data in logs/
Done simulation for /home/dka/Documents/scripts_luca/data/SC3-1-0.1-0.3-3-3-0.1-0.3-July092015-145739-535.csv
Waiting 5 seconds ...
+++++++++++++++++++++++++++++++++++++++++++++++++++++
Using csv file: /home/dka/Documents/scripts_luca/data/SC3-1-0.1-0.3-3-3-0.2-0.3-July092015-145739-560.csv
	Base name: SC3-1-0.1-0.3-3-3-0.2-0.3-July092015-145739-560
	cfg file: configs/SC3-1-0.1-0.3-3-3-0.2-0.3-July092015-145739-560.cfg
===================================================
Creating cfg file from template ...
	removing old cfg file ...
Cleaning up data file /home/dka/Documents/scripts_luca/data/SC3-1-0.1-0.3-3-3-0.2-0.3-July092015-145739-560.csv ...
Running program....
	Using cfg file configs/SC3-1-0.1-0.3-3-3-0.2-0.3-July092015-145739-560.cfg
	Logging all data in logs/
Done simulation for /home/dka/Documents/scripts_luca/data/SC3-1-0.1-0.3-3-3-0.2-0.3-July092015-145739-560.csv
Waiting 5 seconds ...
+++++++++++++++++++++++++++++++++++++++++++++++++++++
Using csv file: /home/dka/Documents/scripts_luca/data/SC3-1-0.1-0.3-3-3-0.3-0.3-July092015-145739-585.csv
	Base name: SC3-1-0.1-0.3-3-3-0.3-0.3-July092015-145739-585
	cfg file: configs/SC3-1-0.1-0.3-3-3-0.3-0.3-July092015-145739-585.cfg
===================================================
Creating cfg file from template ...
	removing old cfg file ...
Cleaning up data file /home/dka/Documents/scripts_luca/data/SC3-1-0.1-0.3-3-3-0.3-0.3-July092015-145739-585.csv ...
Running program....
	Using cfg file configs/SC3-1-0.1-0.3-3-3-0.3-0.3-July092015-145739-585.cfg
	Logging all data in logs/
Done simulation for /home/dka/Documents/scripts_luca/data/SC3-1-0.1-0.3-3-3-0.3-0.3-July092015-145739-585.csv
Waiting 5 seconds ...
+++++++++++++++++++++++++++++++++++++++++++++++++++++
Using csv file: /home/dka/Documents/scripts_luca/data/SC3-1-0.1-0.3-3-4-0.1-0.3-July092015-145739-610.csv
	Base name: SC3-1-0.1-0.3-3-4-0.1-0.3-July092015-145739-610
	cfg file: configs/SC3-1-0.1-0.3-3-4-0.1-0.3-July092015-145739-610.cfg
===================================================
Creating cfg file from template ...
	removing old cfg file ...
Cleaning up data file /home/dka/Documents/scripts_luca/data/SC3-1-0.1-0.3-3-4-0.1-0.3-July092015-145739-610.csv ...
Running program....
	Using cfg file configs/SC3-1-0.1-0.3-3-4-0.1-0.3-July092015-145739-610.cfg
	Logging all data in logs/
Done simulation for /home/dka/Documents/scripts_luca/data/SC3-1-0.1-0.3-3-4-0.1-0.3-July092015-145739-610.csv
Waiting 5 seconds ...
+++++++++++++++++++++++++++++++++++++++++++++++++++++
Using csv file: /home/dka/Documents/scripts_luca/data/SC3-1-0.1-0.3-3-4-0.2-0.3-July092015-145739-638.csv
	Base name: SC3-1-0.1-0.3-3-4-0.2-0.3-July092015-145739-638
	cfg file: configs/SC3-1-0.1-0.3-3-4-0.2-0.3-July092015-145739-638.cfg
===================================================
Creating cfg file from template ...
	removing old cfg file ...
Cleaning up data file /home/dka/Documents/scripts_luca/data/SC3-1-0.1-0.3-3-4-0.2-0.3-July092015-145739-638.csv ...
Running program....
	Using cfg file configs/SC3-1-0.1-0.3-3-4-0.2-0.3-July092015-145739-638.cfg
	Logging all data in logs/
Done simulation for /home/dka/Documents/scripts_luca/data/SC3-1-0.1-0.3-3-4-0.2-0.3-July092015-145739-638.csv
Waiting 5 seconds ...
+++++++++++++++++++++++++++++++++++++++++++++++++++++
Using csv file: /home/dka/Documents/scripts_luca/data/SC3-1-0.1-0.3-3-4-0.3-0.3-July092015-145739-662.csv
	Base name: SC3-1-0.1-0.3-3-4-0.3-0.3-July092015-145739-662
	cfg file: configs/SC3-1-0.1-0.3-3-4-0.3-0.3-July092015-145739-662.cfg
===================================================
Creating cfg file from template ...
	removing old cfg file ...
Cleaning up data file /home/dka/Documents/scripts_luca/data/SC3-1-0.1-0.3-3-4-0.3-0.3-July092015-145739-662.csv ...
Running program....
	Using cfg file configs/SC3-1-0.1-0.3-3-4-0.3-0.3-July092015-145739-662.cfg
	Logging all data in logs/
Done simulation for /home/dka/Documents/scripts_luca/data/SC3-1-0.1-0.3-3-4-0.3-0.3-July092015-145739-662.csv
Waiting 5 seconds ...
+++++++++++++++++++++++++++++++++++++++++++++++++++++
Using csv file: /home/dka/Documents/scripts_luca/data/SC3-1-0.1-0.3-3-5-0.1-0.3-July092015-145739-734.csv
	Base name: SC3-1-0.1-0.3-3-5-0.1-0.3-July092015-145739-734
	cfg file: configs/SC3-1-0.1-0.3-3-5-0.1-0.3-July092015-145739-734.cfg
===================================================
Creating cfg file from template ...
	removing old cfg file ...
Cleaning up data file /home/dka/Documents/scripts_luca/data/SC3-1-0.1-0.3-3-5-0.1-0.3-July092015-145739-734.csv ...
Running program....
	Using cfg file configs/SC3-1-0.1-0.3-3-5-0.1-0.3-July092015-145739-734.cfg
	Logging all data in logs/
Done simulation for /home/dka/Documents/scripts_luca/data/SC3-1-0.1-0.3-3-5-0.1-0.3-July092015-145739-734.csv
Waiting 5 seconds ...
+++++++++++++++++++++++++++++++++++++++++++++++++++++
Using csv file: /home/dka/Documents/scripts_luca/data/SC3-1-0.1-0.3-3-5-0.2-0.3-July092015-145739-760.csv
	Base name: SC3-1-0.1-0.3-3-5-0.2-0.3-July092015-145739-760
	cfg file: configs/SC3-1-0.1-0.3-3-5-0.2-0.3-July092015-145739-760.cfg
===================================================
Creating cfg file from template ...
	removing old cfg file ...
Cleaning up data file /home/dka/Documents/scripts_luca/data/SC3-1-0.1-0.3-3-5-0.2-0.3-July092015-145739-760.csv ...
Running program....
	Using cfg file configs/SC3-1-0.1-0.3-3-5-0.2-0.3-July092015-145739-760.cfg
	Logging all data in logs/
Done simulation for /home/dka/Documents/scripts_luca/data/SC3-1-0.1-0.3-3-5-0.2-0.3-July092015-145739-760.csv
Waiting 5 seconds ...
+++++++++++++++++++++++++++++++++++++++++++++++++++++
Using csv file: /home/dka/Documents/scripts_luca/data/SC3-1-0.1-0.3-3-5-0.3-0.3-July092015-145739-784.csv
	Base name: SC3-1-0.1-0.3-3-5-0.3-0.3-July092015-145739-784
	cfg file: configs/SC3-1-0.1-0.3-3-5-0.3-0.3-July092015-145739-784.cfg
===================================================
Creating cfg file from template ...
	removing old cfg file ...
Cleaning up data file /home/dka/Documents/scripts_luca/data/SC3-1-0.1-0.3-3-5-0.3-0.3-July092015-145739-784.csv ...
Running program....
	Using cfg file configs/SC3-1-0.1-0.3-3-5-0.3-0.3-July092015-145739-784.cfg
	Logging all data in logs/
Done simulation for /home/dka/Documents/scripts_luca/data/SC3-1-0.1-0.3-3-5-0.3-0.3-July092015-145739-784.csv
Waiting 5 seconds ...
+++++++++++++++++++++++++++++++++++++++++++++++++++++
Using csv file: /home/dka/Documents/scripts_luca/data/SC3-1-0.1-0.3-3-6-0.1-0.3-July092015-145739-808.csv
	Base name: SC3-1-0.1-0.3-3-6-0.1-0.3-July092015-145739-808
	cfg file: configs/SC3-1-0.1-0.3-3-6-0.1-0.3-July092015-145739-808.cfg
===================================================
Creating cfg file from template ...
	removing old cfg file ...
Cleaning up data file /home/dka/Documents/scripts_luca/data/SC3-1-0.1-0.3-3-6-0.1-0.3-July092015-145739-808.csv ...
Running program....
	Using cfg file configs/SC3-1-0.1-0.3-3-6-0.1-0.3-July092015-145739-808.cfg
	Logging all data in logs/
Done simulation for /home/dka/Documents/scripts_luca/data/SC3-1-0.1-0.3-3-6-0.1-0.3-July092015-145739-808.csv
Waiting 5 seconds ...
+++++++++++++++++++++++++++++++++++++++++++++++++++++
Using csv file: /home/dka/Documents/scripts_luca/data/SC4-3-0.2-0.5-5-3.5-0.3-0.6-March102018-140250-555.csv
	Base name: SC4-3-0.2-0.5-5-3.5-0.3-0.6-March102018-140250-555
	cfg file: configs/SC4-3-0.2-0.5-5-3.5-0.3-0.6-March102018-140250-555.cfg
===================================================
Creating cfg file from template ...
Cleaning up data file /home/dka/Documents/scripts_luca/data/SC4-3-0.2-0.5-5-3.5-0.3-0.6-March102018-140250-555.csv ...
Extra lines foud in /home/dka/Documents/scripts_luca/data/SC4-3-0.2-0.5-5-3.5-0.3-0.6-March102018-140250-555.csv, deleting lines ...
Running program....
	Using cfg file configs/SC4-3-0.2-0.5-5-3.5-0.3-0.6-March102018-140250-555.cfg
	Logging all data in logs/
Done simulation for /home/dka/Documents/scripts_luca/data/SC4-3-0.2-0.5-5-3.5-0.3-0.6-March102018-140250-555.csv
Waiting 5 seconds ...
+++++++++++++++++++++++++++++++++++++++++++++++++++++
Using csv file: /home/dka/Documents/scripts_luca/data/SC4-3-0.2-0.5-5-3.5-0.3-0.6-March102018-142523-193.csv
	Base name: SC4-3-0.2-0.5-5-3.5-0.3-0.6-March102018-142523-193
	cfg file: configs/SC4-3-0.2-0.5-5-3.5-0.3-0.6-March102018-142523-193.cfg
===================================================
Creating cfg file from template ...
Cleaning up data file /home/dka/Documents/scripts_luca/data/SC4-3-0.2-0.5-5-3.5-0.3-0.6-March102018-142523-193.csv ...
Running program....
	Using cfg file configs/SC4-3-0.2-0.5-5-3.5-0.3-0.6-March102018-142523-193.cfg
	Logging all data in logs/
Done simulation for /home/dka/Documents/scripts_luca/data/SC4-3-0.2-0.5-5-3.5-0.3-0.6-March102018-142523-193.csv
Waiting 5 seconds ...
+++++++++++++++++++++++++++++++++++++++++++++++++++++
Using csv file: /home/dka/Documents/scripts_luca/data/SC5-4-0.2-0.5-March102018-142758-082.csv
	Base name: SC5-4-0.2-0.5-March102018-142758-082
	cfg file: configs/SC5-4-0.2-0.5-March102018-142758-082.cfg
===================================================
Creating cfg file from template ...
Cleaning up data file /home/dka/Documents/scripts_luca/data/SC5-4-0.2-0.5-March102018-142758-082.csv ...
Extra lines foud in /home/dka/Documents/scripts_luca/data/SC5-4-0.2-0.5-March102018-142758-082.csv, deleting lines ...
Running program....
	Using cfg file configs/SC5-4-0.2-0.5-March102018-142758-082.cfg
	Logging all data in logs/
Done simulation for /home/dka/Documents/scripts_luca/data/SC5-4-0.2-0.5-March102018-142758-082.csv
Waiting 5 seconds ...
+++++++++++++++++++++++++++++++++++++++++++++++++++++
